<?xml version="1.0" encoding="UTF-8"?>
<testsuite xmlns:xsi="http://www.w3.org/2001/XMLSchema-instance" xsi:noNamespaceSchemaLocation="https://maven.apache.org/surefire/maven-surefire-plugin/xsd/surefire-test-report-3.0.xsd" version="3.0" name="com.demo.testcases.EmployeeControllerTest" time="2.733" tests="5" errors="0" skipped="0" failures="0">
  <properties>
[...]
</properties>
  <testcase name="testUpdateEmp" classname="com.demo.testcases.EmployeeControllerTest" time="0.095">
    <system-out><![CDATA[20:23:20.961 [main] INFO org.springframework.test.context.support.AnnotationConfigContextLoaderUtils -- Could not detect default configuration classes for test class [com.demo.testcases.EmployeeControllerTest]: EmployeeControllerTest does not declare any static, non-private, non-final, nested classes annotated with @Configuration.
20:23:21.009 [main] INFO org.springframework.boot.test.context.SpringBootTestContextBootstrapper -- Found @SpringBootConfiguration com.demo.PocApplication for test class com.demo.testcases.EmployeeControllerTest

  .   ____          _            __ _ _
 /\\ / ___'_ __ _ _(_)_ __  __ _ \ \ \ \
( ( )\___ | '_ | '_| | '_ \/ _` | \ \ \ \
 \\/  ___)| |_)| | | | | || (_| |  ) ) ) )
  '  |____| .__|_| |_|_| |_\__, | / / / /
 =========|_|==============|___/=/_/_/_/
 :: Spring Boot ::                (v3.1.2)

2023-07-20T20:23:21.186-04:00  INFO 53022 --- [           main] c.demo.testcases.EmployeeControllerTest  : Starting EmployeeControllerTest using Java 17.0.7 with PID 53022 (started by yoda in /Users/yoda/Documents/workspace-spring-tool-suite-4-4.19.0.RELEASE/POC)
2023-07-20T20:23:21.187-04:00  INFO 53022 --- [           main] c.demo.testcases.EmployeeControllerTest  : No active profile set, falling back to 1 default profile: "default"
2023-07-20T20:23:21.529-04:00  INFO 53022 --- [           main] .s.d.r.c.RepositoryConfigurationDelegate : Bootstrapping Spring Data JPA repositories in DEFAULT mode.
2023-07-20T20:23:21.552-04:00  INFO 53022 --- [           main] .s.d.r.c.RepositoryConfigurationDelegate : Finished Spring Data repository scanning in 20 ms. Found 1 JPA repository interfaces.
2023-07-20T20:23:22.273-04:00  INFO 53022 --- [           main] o.hibernate.jpa.internal.util.LogHelper  : HHH000204: Processing PersistenceUnitInfo [name: default]
2023-07-20T20:23:22.305-04:00  INFO 53022 --- [           main] org.hibernate.Version                    : HHH000412: Hibernate ORM core version 6.2.6.Final
2023-07-20T20:23:22.306-04:00  INFO 53022 --- [           main] org.hibernate.cfg.Environment            : HHH000406: Using bytecode reflection optimizer
2023-07-20T20:23:22.373-04:00  INFO 53022 --- [           main] o.h.b.i.BytecodeProviderInitiator        : HHH000021: Bytecode provider name : bytebuddy
2023-07-20T20:23:22.378-04:00  INFO 53022 --- [           main] o.s.o.j.p.SpringPersistenceUnitInfo      : No LoadTimeWeaver setup: ignoring JPA class transformer
2023-07-20T20:23:22.388-04:00  INFO 53022 --- [           main] com.zaxxer.hikari.HikariDataSource       : HikariPool-1 - Starting...
2023-07-20T20:23:22.390-04:00  WARN 53022 --- [           main] c.zaxxer.hikari.util.DriverDataSource    : Registered driver with driverClassName=com.mysql.jdbc.Driver was not found, trying direct instantiation.
2023-07-20T20:23:22.575-04:00  INFO 53022 --- [           main] com.zaxxer.hikari.pool.HikariPool        : HikariPool-1 - Added connection com.mysql.cj.jdbc.ConnectionImpl@25c8c71e
2023-07-20T20:23:22.576-04:00  INFO 53022 --- [           main] com.zaxxer.hikari.HikariDataSource       : HikariPool-1 - Start completed.
2023-07-20T20:23:22.683-04:00  INFO 53022 --- [           main] o.h.b.i.BytecodeProviderInitiator        : HHH000021: Bytecode provider name : bytebuddy
2023-07-20T20:23:22.927-04:00  INFO 53022 --- [           main] o.h.e.t.j.p.i.JtaPlatformInitiator       : HHH000490: Using JtaPlatform implementation: [org.hibernate.engine.transaction.jta.platform.internal.NoJtaPlatform]
2023-07-20T20:23:22.954-04:00  INFO 53022 --- [           main] j.LocalContainerEntityManagerFactoryBean : Initialized JPA EntityManagerFactory for persistence unit 'default'
2023-07-20T20:23:23.028-04:00  WARN 53022 --- [           main] JpaBaseConfiguration$JpaWebConfiguration : spring.jpa.open-in-view is enabled by default. Therefore, database queries may be performed during view rendering. Explicitly configure spring.jpa.open-in-view to disable this warning
2023-07-20T20:23:23.420-04:00  INFO 53022 --- [           main] o.s.b.t.m.w.SpringBootMockServletContext : Initializing Spring TestDispatcherServlet ''
2023-07-20T20:23:23.420-04:00  INFO 53022 --- [           main] o.s.t.web.servlet.TestDispatcherServlet  : Initializing Servlet ''
2023-07-20T20:23:23.424-04:00  INFO 53022 --- [           main] o.s.b.a.e.web.EndpointLinksResolver      : Exposing 1 endpoint(s) beneath base path '/actuator'
2023-07-20T20:23:23.432-04:00  INFO 53022 --- [           main] o.s.t.web.servlet.TestDispatcherServlet  : Completed initialization in 11 ms
2023-07-20T20:23:23.464-04:00  INFO 53022 --- [           main] c.demo.testcases.EmployeeControllerTest  : Started EmployeeControllerTest in 2.403 seconds (process running for 2.863)
]]></system-out>
    <system-err><![CDATA[Loading class `com.mysql.jdbc.Driver'. This is deprecated. The new driver class is `com.mysql.cj.jdbc.Driver'. The driver is automatically registered via the SPI and manual loading of the driver class is generally unnecessary.
]]></system-err>
  </testcase>
  <testcase name="testGetAllEmps" classname="com.demo.testcases.EmployeeControllerTest" time="0.011"/>
  <testcase name="testGetEmployeeById" classname="com.demo.testcases.EmployeeControllerTest" time="0.004"/>
  <testcase name="testDeleteEmp" classname="com.demo.testcases.EmployeeControllerTest" time="0.005"/>
  <testcase name="testAddEmp" classname="com.demo.testcases.EmployeeControllerTest" time="0.003"/>
</testsuite>